2020-05-16 19:50:58,764 ERROR 54153 [-/::1/-/7ms GET /] nodejs.Error: Please set config.keys first
    at Application.get keys [as keys] (/Users/bo.yang/Mylearning/Node/egg-react-codereview/node_modules/egg/lib/application.js:266:15)
    at Object.get cookies [as cookies] (/Users/bo.yang/Mylearning/Node/egg-react-codereview/node_modules/egg/app/extend/context.js:22:66)
    at Object.get [egg-security#CSRF_SECRET] (/Users/bo.yang/Mylearning/Node/egg-react-codereview/node_modules/egg-security/app/extend/context.js:91:35)
    at Object.ensureCsrfSecret (/Users/bo.yang/Mylearning/Node/egg-react-codereview/node_modules/egg-security/app/extend/context.js:104:13)
    at csrf (/Users/bo.yang/Mylearning/Node/egg-react-codereview/node_modules/egg-security/lib/middlewares/csrf.js:15:11)
    at dispatch (/Users/bo.yang/Mylearning/Node/egg-react-codereview/node_modules/egg-security/node_modules/koa-compose/index.js:42:32)
    at /Users/bo.yang/Mylearning/Node/egg-react-codereview/node_modules/egg-security/node_modules/koa-compose/index.js:34:12
    at dispatch (/Users/bo.yang/Mylearning/Node/egg-react-codereview/node_modules/koa/node_modules/koa-compose/index.js:42:32)
    at session (/Users/bo.yang/Mylearning/Node/egg-react-codereview/node_modules/koa-session/index.js:41:13)
    at dispatch (/Users/bo.yang/Mylearning/Node/egg-react-codereview/node_modules/koa/node_modules/koa-compose/index.js:42:32)

pid: 54153
hostname: boyangdembp

2020-05-16 22:34:05,549 ERROR 54180 nodejs.ClusterClientNoResponseError: client no response in 289595ms exceeding maxIdleTime 60000ms, maybe the connection is close on other side.
    at Timeout.Leader._heartbeatTimer.setInterval [as _onTimeout] (/Users/bo.yang/Mylearning/Node/egg-react-codereview/node_modules/cluster-client/lib/leader.js:77:23)
    at ontimeout (timers.js:436:11)
    at tryOnTimeout (timers.js:300:5)
    at listOnTimeout (timers.js:263:5)
    at Timer.processTimers (timers.js:223:10)
name: "ClusterClientNoResponseError"
pid: 54180
hostname: boyangdembp

2020-05-16 22:41:56,616 ERROR 54180 nodejs.ClusterClientNoResponseError: client no response in 450964ms exceeding maxIdleTime 60000ms, maybe the connection is close on other side.
    at Timeout.Leader._heartbeatTimer.setInterval [as _onTimeout] (/Users/bo.yang/Mylearning/Node/egg-react-codereview/node_modules/cluster-client/lib/leader.js:77:23)
    at ontimeout (timers.js:436:11)
    at tryOnTimeout (timers.js:300:5)
    at listOnTimeout (timers.js:263:5)
    at Timer.processTimers (timers.js:223:10)
name: "ClusterClientNoResponseError"
pid: 54180
hostname: boyangdembp

