2020-05-16 19:49:53,566 INFO 54153 [egg:logger] init all loggers with options: {"dir":"/Users/bo.yang/Mylearning/Node/egg-react-codereview/logs/react_redux","encoding":"utf8","env":"local","level":"INFO","consoleLevel":"INFO","disableConsoleAfterReady":false,"outputJSON":false,"buffer":true,"appLogName":"react_redux-web.log","coreLogName":"egg-web.log","agentLogName":"egg-agent.log","errorLogName":"common-error.log","coreLogger":{"consoleLevel":"WARN"},"allowDebugAtProd":false,"type":"application"}
2020-05-16 19:49:53,590 INFO 54153 [egg-multipart] stream mode enable
2020-05-16 19:49:53,666 INFO 54153 [egg-static] starting static serve /public/ -> /Users/bo.yang/Mylearning/Node/egg-react-codereview/app/public
2020-05-16 19:49:53,668 INFO 54153 [egg-security] use csrf middleware
2020-05-16 19:49:53,669 INFO 54153 [egg-security] use methodnoallow middleware
2020-05-16 19:49:53,670 INFO 54153 [egg-security] use noopen middleware
2020-05-16 19:49:53,671 INFO 54153 [egg-security] use nosniff middleware
2020-05-16 19:49:53,672 INFO 54153 [egg-security] use xssProtection middleware
2020-05-16 19:49:53,673 INFO 54153 [egg-security] use xframe middleware
2020-05-16 19:49:53,673 INFO 54153 [egg-security] use dta middleware
2020-05-16 19:49:53,673 INFO 54153 [egg-security] compose 7 middlewares into one security middleware
2020-05-16 19:49:53,682 INFO 54153 [egg:core] dump config after load, 8ms
2020-05-16 19:49:53,696 INFO 54153 [egg-watcher:application] watcher start success
2020-05-16 19:49:53,701 INFO 54153 [egg:core] dump config after ready, 3ms
2020-05-16 19:52:13,962 INFO 54181 [egg:logger] init all loggers with options: {"dir":"/Users/bo.yang/Mylearning/Node/egg-react-codereview/logs/react_redux","encoding":"utf8","env":"local","level":"INFO","consoleLevel":"INFO","disableConsoleAfterReady":false,"outputJSON":false,"buffer":true,"appLogName":"react_redux-web.log","coreLogName":"egg-web.log","agentLogName":"egg-agent.log","errorLogName":"common-error.log","coreLogger":{"consoleLevel":"WARN"},"allowDebugAtProd":false,"type":"application"}
2020-05-16 19:52:13,987 INFO 54181 [egg-multipart] stream mode enable
2020-05-16 19:52:14,057 INFO 54181 [egg-static] starting static serve /public/ -> /Users/bo.yang/Mylearning/Node/egg-react-codereview/app/public
2020-05-16 19:52:14,059 INFO 54181 [egg-security] use csrf middleware
2020-05-16 19:52:14,060 INFO 54181 [egg-security] use methodnoallow middleware
2020-05-16 19:52:14,061 INFO 54181 [egg-security] use noopen middleware
2020-05-16 19:52:14,061 INFO 54181 [egg-security] use nosniff middleware
2020-05-16 19:52:14,062 INFO 54181 [egg-security] use xssProtection middleware
2020-05-16 19:52:14,062 INFO 54181 [egg-security] use xframe middleware
2020-05-16 19:52:14,063 INFO 54181 [egg-security] use dta middleware
2020-05-16 19:52:14,063 INFO 54181 [egg-security] compose 7 middlewares into one security middleware
2020-05-16 19:52:14,070 INFO 54181 [egg:core] dump config after load, 4ms
2020-05-16 19:52:14,082 INFO 54181 [egg-watcher:application] watcher start success
2020-05-16 19:52:14,086 INFO 54181 [egg:core] dump config after ready, 3ms
2020-05-16 22:34:05,564 WARN 54181 [ClusterClient:Watcher] follower closed, and try to init it again
2020-05-16 22:41:56,616 WARN 54181 [ClusterClient:Watcher] follower closed, and try to init it again
